TN:
SF:/home/ad.rapidops.com/mitesh.gangaramani/express-app-testing-demo/app/form_validator.js
FN:1,isValidCommaDelimitedList
FN:7,isValidTagmode
FN:11,hasValidFlickrAPIParams
FNF:3
FNH:3
FNDA:7,isValidCommaDelimitedList
FNDA:5,isValidTagmode
FNDA:3,hasValidFlickrAPIParams
DA:3,7
DA:4,7
DA:8,5
DA:12,3
DA:15,1
LF:5
LH:5
BRDA:8,0,0,5
BRDA:8,0,1,3
BRDA:12,1,0,3
BRDA:12,1,1,2
BRF:4
BRH:4
end_of_record
TN:
SF:/home/ad.rapidops.com/mitesh.gangaramani/express-app-testing-demo/app/jsonp_helper.js
FN:1,parseJSONP
FNF:1
FNH:1
FNDA:5,parseJSONP
DA:2,5
DA:3,5
DA:4,5
DA:5,5
DA:8,5
DA:10,5
DA:12,2
DA:13,2
DA:17,4
LF:9
LH:9
BRF:0
BRH:0
end_of_record
TN:
SF:/home/ad.rapidops.com/mitesh.gangaramani/express-app-testing-demo/app/photo_model.js
FN:5,getFlickrPhotos
FN:15,(anonymous_1)
FN:18,(anonymous_2)
FNF:3
FNH:3
FNDA:3,getFlickrPhotos
FNDA:2,(anonymous_1)
FNDA:2,(anonymous_2)
DA:1,3
DA:2,3
DA:3,3
DA:6,3
DA:8,3
DA:15,3
DA:16,2
DA:18,1
DA:19,2
DA:20,2
DA:23,1
DA:27,3
LF:12
LH:12
BRF:0
BRH:0
end_of_record
